<?xml version="1.0" encoding="UTF-8"?>
<!-- Generated by org.testng.reporters.JUnitReportReporter -->
<testsuite skipped="0" hostname="LAPTOP-S8AHQPON" name="com.actiTime.Tests.VerifyversionTest" tests="1" failures="0" timestamp="27 Jul 2019 17:08:28 GMT" time="41.853" errors="0">
  <testcase name="testVerifyversion" time="41.853" classname="com.actiTime.Tests.VerifyversionTest"/>
</testsuite> <!-- com.actiTime.Tests.VerifyversionTest -->
