<?xml version="1.0" encoding="UTF-8"?>
<!-- Generated by org.testng.reporters.JUnitReportReporter -->
<testsuite skipped="0" hostname="LAPTOP-S8AHQPON" name="com.actiTime.Tests.InvalidLoginTest" tests="1" failures="0" timestamp="27 Jul 2019 17:08:28 GMT" time="158.458" errors="0">
  <testcase name="TestInvalidLogin" time="158.458" classname="com.actiTime.Tests.InvalidLoginTest"/>
</testsuite> <!-- com.actiTime.Tests.InvalidLoginTest -->
